"../../../Engine/Content/Maps/Templates/Thumbnails/Default.uasset" 0
"../../../Engine/Content/Maps/Templates/Thumbnails/VR-Basic.uasset" 1
"../../../Engine/Content/MobileResources/T_MobileControls_texture.uasset" 2
"../../../Engine/Content/MobileResources/T_MobileMenu2.uasset" 3
"../../../Engine/Content/MobileResources/HUD/MobileHUDDirectionPad3.uasset" 4
"../../../Engine/Content/MobileResources/HUD/MobileHUDButton2_off.uasset" 5
"../../../Engine/Content/MobileResources/HUD/MobileHUDButton3.uasset" 6
"../../../Engine/Content/MobileResources/HUD/T_Castle_ThumbstickInner.uasset" 7
"../../../Engine/Content/MobileResources/HUD/MobileHUDDirectionStick.uasset" 8
"../../../Engine/Content/MobileResources/HUD/VirtualJoystick_Background.uasset" 9
"../../../Engine/Content/MobileResources/HUD/VirtualJoystick_Thumb.uasset" 10
"../../../Engine/Content/MobileResources/HUD/DefaultVirtualJoysticks.uasset" 11
"../../../Engine/Content/MobileResources/HUD/T_Castle_ThumbstickOutter.uasset" 12
"../../../Engine/Content/MobileResources/HUD/MobileHUDButton2_on.uasset" 13
"../../../Engine/Content/MobileResources/HUD/MobileHUDDirectionPad2.uasset" 14
"../../../Engine/Content/MobileResources/HUD/MobileHUDDirectionPad.uasset" 15
"../../../Engine/Content/MobileResources/HUD/AnalogHat.uasset" 16
"../../../Engine/Content/MobileResources/HUD/MobileHUDButton1_on.uasset" 17
"../../../Engine/Content/MobileResources/HUD/MobileHUDButtonFire.uasset" 18
"../../../Engine/Content/MobileResources/HUD/LeftVirtualJoystickOnly.uasset" 19
"../../../Engine/Content/MobileResources/HUD/MobileHUDButton1_off.uasset" 20
"../../../Engine/Content/Tutorial/ContentIntroCurve.uasset" 21
"../../../Engine/Content/Tutorial/Basics/TutorialAssets/icon_tab_Levels_40x.uasset" 22
"../../../Engine/Content/Tutorial/SubEditors/TutorialAssets/icon_ShowSkeletalMeshes_40x.uasset" 23
"../../../Engine/Content/Tutorial/SubEditors/TutorialAssets/icon_Editor_Preferences_General_40x.uasset" 24
"../../../Engine/Content/Tutorial/SubEditors/TutorialAssets/TutorialMaterial.uasset" 25
"../../../Engine/Content/Tutorial/SubEditors/TutorialAssets/T_SmokeSubUV_8X8.uasset" 26
"../../../Engine/Content/Tutorial/SubEditors/TutorialAssets/T_soft_smoke.uasset" 27
"../../../Engine/Content/Tutorial/SubEditors/TutorialAssets/M_smoke_subUV_blackbody.uasset" 28
"../../../Engine/Content/Tutorial/SubEditors/TutorialAssets/TutorialParticleSystem.uasset" 29
"../../../Engine/Content/Tutorial/Paper2D/TutorialAssets/Paper2DFlipbook_TutorialIcon.uasset" 30
"../../../Engine/Content/Tutorial/Paper2D/TutorialAssets/Paper2DSprite_TutorialIcon.uasset" 31
"../../../Engine/Content/Tutorial/BlueprintTutorials/TutorialAssets/BlueprintMacroLibrary_64x.uasset" 32
"../../../Engine/Content/Tutorial/BlueprintTutorials/TutorialAssets/Blueprint_64x.uasset" 33
"../../../Engine/Content/Tutorial/BlueprintTutorials/TutorialAssets/BlueprintInterface_64x.uasset" 34
"../../../Engine/Content/Tutorial/BlueprintTutorials/TutorialAssets/Tutorial_BP_Interface.uasset" 35
"../../../Engine/Content/Tutorial/Foliage/TutorialAssets/Foliage.uasset" 36
"../../../Engine/Content/Tutorial/Landscape/TutorialAssets/Landscape.uasset" 37
"../../../Engine/Content/EngineResources/DefaultTextureCube.uasset" 38
"../../../Engine/Content/EngineResources/DefaultTexture.uasset" 39
"../../../Engine/Content/EngineResources/Black.uasset" 40
"../../../Engine/Content/EngineResources/StreamingPauseIcon.uasset" 41
"../../../Engine/Content/EngineResources/M_StreamingPause.uasset" 42
"../../../Engine/Content/EngineResources/GradientTexture0.uasset" 43
"../../../Engine/Content/EditorLandscapeResources/DataLayer.uasset" 44
"../../../Engine/Content/EditorLandscapeResources/LandscapeGizmo_Mat.uasset" 45
"../../../Engine/Content/EditorLandscapeResources/LandscapeGizmo_Mat_Copied.uasset" 46
"../../../Engine/Content/EditorLandscapeResources/SplineEditorMeshMat.uasset" 47
"../../../Engine/Content/EditorLandscapeResources/SplineEditorMesh.uasset" 48
"../../../Engine/Content/EditorLandscapeResources/LandscapeGizmoHeight_Mat.uasset" 49
"../../../Engine/Content/EditorLandscapeResources/DefaultAlphaTexture.uasset" 50
"../../../Engine/Content/EditorSounds/Notifications/CompileSuccess.uasset" 51
"../../../Engine/Content/EditorSounds/Notifications/CompileSuccess_Cue.uasset" 52
"../../../Engine/Content/EditorSounds/Notifications/CompileFailed.uasset" 53
"../../../Engine/Content/EditorSounds/Notifications/CompileFailed_Cue.uasset" 54
"../../../Engine/Content/EditorSounds/Notifications/CompileStart_Cue.uasset" 55
"../../../Engine/Content/EditorMeshes/EditorCube.uasset" 56
"../../../Engine/Content/EditorMeshes/EditorPlane.uasset" 57
"../../../Engine/Content/EditorResources/MatineeCam_D.uasset" 58
"../../../Engine/Content/EditorMaterials/MatineeCam_mat.uasset" 59
"../../../Engine/Content/EditorMeshes/MatineeCam_SM.uasset" 60
"../../../Engine/Content/EditorMeshes/EditorCylinder.uasset" 61
"../../../Engine/Content/EditorMaterials/Thumbnails/SkySphereMaterial.uasset" 62
"../../../Engine/Content/EditorMeshes/EditorSkySphere.uasset" 63
"../../../Engine/Content/Functions/Engine_MaterialFunctions01/Shading/ConvertFromDiffSpec.uasset" 64
"../../../Engine/Content/EditorMaterials/GridMaterial.uasset" 65
"../../../Engine/Content/EditorMeshes/PhAT_FloorBox.uasset" 66
"../../../Engine/Content/EditorMeshes/EditorSphere.uasset" 67
"../../../Engine/Content/EditorMaterials/Camera/CineMat.uasset" 68
"../../../Engine/Content/EditorMaterials/Camera/MI_CineMat_Rig.uasset" 69
"../../../Engine/Content/EditorMeshes/Camera/SM_CraneRig_Body.uasset" 70
"../../../Engine/Content/EditorMeshes/Camera/SM_RailRig_Mount.uasset" 71
"../../../Engine/Content/EditorMaterials/Camera/MI_CineMat_CameraBody.uasset" 72
"../../../Engine/Content/EngineDebugMaterials/M_SimpleOpaque.uasset" 73
"../../../Engine/Content/EditorMaterials/Camera/MI_CineMat_CamViewFinder.uasset" 74
"../../../Engine/Content/EditorMeshes/Camera/SM_CineCam.uasset" 75
"../../../Engine/Content/EditorMeshes/Camera/SM_CraneRig_Base.uasset" 76
"../../../Engine/Content/EditorMeshes/Camera/SM_CraneRig_Mount.uasset" 77
"../../../Engine/Content/EditorMeshes/Camera/SM_CraneRig_Arm.uasset" 78
"../../../Engine/Content/EditorMeshes/Camera/SM_RailRig_Track.uasset" 79
"../../../Engine/Content/EditorMeshes/ColorCalibrator/M_ChromeBall.uasset" 80
"../../../Engine/Content/EditorMeshes/ColorCalibrator/M_ClearCoat.uasset" 81
"../../../Engine/Content/EditorMeshes/ColorCalibrator/M_ClearCoatBlack.uasset" 82
"../../../Engine/Content/EditorMeshes/ColorCalibrator/Color_checker.uasset" 83
"../../../Engine/Content/EditorMeshes/ColorCalibrator/M_ColorGrid.uasset" 84
"../../../Engine/Content/EditorMeshes/ColorCalibrator/M_GreyBall.uasset" 85
"../../../Engine/Content/EditorMeshes/ColorCalibrator/SM_ColorCalibrator.uasset" 86
"../../../Engine/Content/EngineFonts/Faces/RobotoTiny.uasset" 87
"../../../Engine/Content/EngineFonts/RobotoTiny.uasset" 88
"../../../Engine/Content/EngineFonts/SmallFont.uasset" 89
"../../../Engine/Content/EngineFonts/Faces/RobotoBold.uasset" 90
"../../../Engine/Content/EngineFonts/Faces/RobotoBoldItalic.uasset" 91
"../../../Engine/Content/EngineFonts/Faces/RobotoItalic.uasset" 92
"../../../Engine/Content/EngineFonts/Faces/RobotoLight.uasset" 93
"../../../Engine/Content/EngineFonts/Faces/RobotoRegular.uasset" 94
"../../../Engine/Content/EngineFonts/Roboto.uasset" 95
"../../../Engine/Content/EngineFonts/TinyFont.uasset" 96
"../../../Engine/Content/EngineDamageTypes/DmgTypeBP_Environmental.uasset" 97
"../../../Engine/Content/EditorBlueprintResources/ActorMacros.uasset" 98
"../../../Engine/Content/ArtTools/RenderToTexture/Enums/RenderToTexture_Enum.uasset" 99
"../../../Engine/Content/ArtTools/RenderToTexture/Enums/RenderToTexture_Imposter_Enum.uasset" 100
"../../../Engine/Content/ArtTools/RenderToTexture/Enums/RenderToTexture_Flipbook_Enum.uasset" 101
"../../../Engine/Content/Functions/Engine_MaterialFunctions01/Opacity/CameraDepthFade.uasset" 102
"../../../Engine/Content/EngineMaterials/T_Default_Material_Grid_M.uasset" 103
"../../../Engine/Content/EngineMaterials/T_Default_Material_Grid_N.uasset" 104
"../../../Engine/Content/EngineMaterials/WorldGridMaterial.uasset" 105
"../../../Engine/Content/ArtTools/RenderToTexture/Meshes/S_1_Unit_Plane.uasset" 106
"../../../Engine/Content/EditorBlueprintResources/StandardMacros.uasset" 107
"../../../Engine/Content/ArtTools/RenderToTexture/Enums/EIntTypes.uasset" 108
"../../../Engine/Content/ArtTools/RenderToTexture/Macros/RenderToTextureFunctionLibrary.uasset" 109
"../../../Engine/Content/ArtTools/RenderToTexture/Enums/EFloatTypes.uasset" 110
"../../../Engine/Content/ArtTools/RenderToTexture/Macros/RenderToTextureMacros.uasset" 111
"../../../Engine/Content/EngineResources/WhiteSquareTexture.uasset" 112
"../../../Engine/Content/EngineMaterials/Widget3DPassThrough.uasset" 113
"../../../Engine/Content/EngineMaterials/Widget3DPassThrough_Masked.uasset" 114
"../../../Engine/Content/EngineMaterials/WeightMapPlaceholderTexture.uasset" 115
"../../../Engine/Content/EngineMaterials/Widget3DPassThrough_Translucent.uasset" 116
"../../../Engine/Content/EngineMaterials/Widget3DPassThrough_Translucent_OneSided.uasset" 117
"../../../Engine/Content/EngineMaterials/PaperDiffuse.uasset" 118
"../../../Engine/Content/EngineMaterials/BlinkingCaret.uasset" 119
"../../../Engine/Content/EngineMaterials/EditorBrushMaterial.uasset" 120
"../../../Engine/Content/EngineMaterials/PaperNormal.uasset" 121
"../../../Engine/Content/Functions/Engine_MaterialFunctions02/WorldPositionOffset/CameraOffset.uasset" 122
"../../../Engine/Content/EngineMaterials/PhAT_JointLimitMaterial.uasset" 123
"../../../Engine/Content/EngineMaterials/DefaultNormal.uasset" 124
"../../../Engine/Content/Functions/Engine_MaterialFunctions02/Utility/BreakOutFloat2Components.uasset" 125
"../../../Engine/Content/EngineMaterials/HighResScreenshotCaptureRegion.uasset" 126
"../../../Engine/Content/EngineMaterials/LandscapeHolePhysicalMaterial.uasset" 127
"../../../Engine/Content/EngineMaterials/Widget3DPassThrough_Opaque.uasset" 128
"../../../Engine/Content/EngineMaterials/Widget3DPassThrough_Masked_OneSided.uasset" 129
"../../../Engine/Content/EngineMaterials/Good64x64TilingNoiseHighFreq.uasset" 130
"../../../Engine/Content/EngineMaterials/DefaultBloomKernel.uasset" 131
"../../../Engine/Content/EngineMaterials/HighResolutionScreenshotMaskFunction.uasset" 132
"../../../Engine/Content/EngineMaterials/HighResScreenshot.uasset" 133
"../../../Engine/Content/EngineMaterials/RemoveSurfaceMaterial.uasset" 134
"../../../Engine/Content/EngineMaterials/DefaultDiffuse.uasset" 135
"../../../Engine/Content/EngineMaterials/DefaultDeferredDecalMaterial.uasset" 136
"../../../Engine/Content/EngineMaterials/DefaultPostProcessMaterial.uasset" 137
"../../../Engine/Content/EngineMaterials/InvalidLightmapSettings.uasset" 138
"../../../Engine/Content/EngineMaterials/M_InvalidLightmapSettings.uasset" 139
"../../../Engine/Content/EngineMaterials/HighResScreenshotMask.uasset" 140
"../../../Engine/Content/EngineFonts/RobotoDistanceField.uasset" 141
"../../../Engine/Content/EngineMaterials/DefaultTextMaterialOpaque.uasset" 142
"../../../Engine/Content/EngineMaterials/PreintegratedSkinBRDF.uasset" 143
"../../../Engine/Content/EngineMaterials/Widget3DPassThrough_Opaque_OneSided.uasset" 144
"../../../Engine/Content/EngineMaterials/PhysMat_Rubber.uasset" 145
"../../../Engine/Content/EngineMaterials/DefaultBokeh.uasset" 146
"../../../Engine/Content/EngineMaterials/DefaultLightFunctionMaterial.uasset" 147
"../../../Engine/Content/EngineMaterials/Grid_N.uasset" 148
"../../../Engine/Content/EngineDebugMaterials/DebugEditorMaterial.uasset" 149
"../../../Engine/Content/EngineDebugMaterials/VertexColorMaterial.uasset" 150
"../../../Engine/Content/EngineDebugMaterials/GeomMaterial.uasset" 151
"../../../Engine/Content/EngineDebugMaterials/WireframeMaterial.uasset" 152
"../../../Engine/Content/EngineDebugMaterials/HeatmapGradient.uasset" 153
"../../../Engine/Content/EngineDebugMaterials/BoneWeightMaterial.uasset" 154
"../../../Engine/Content/EngineDebugMaterials/VertexColorViewMode_BlueOnly.uasset" 155
"../../../Engine/Content/EngineDebugMaterials/LevelColorationLitMaterial.uasset" 156
"../../../Engine/Content/EngineDebugMaterials/VertexColorViewMode_AlphaAsColor.uasset" 157
"../../../Engine/Content/EngineDebugMaterials/VertexColorViewMode_RedOnly.uasset" 158
"../../../Engine/Content/EngineDebugMaterials/ShadedLevelColorationUnlitMateri.uasset" 159
"../../../Engine/Content/EngineDebugMaterials/ClothMaterial.uasset" 160
"../../../Engine/Content/EngineDebugMaterials/ClothMaterial_WF.uasset" 161
"../../../Engine/Content/EngineDebugMaterials/VertexColorViewMode_GreenOnly.uasset" 162
"../../../Engine/Content/EngineMaterials/DefaultWhiteGrid.uasset" 163
"../../../Engine/Content/EngineDebugMaterials/MAT_LevelColorationLitLightmapUV.uasset" 164
"../../../Engine/Content/EngineDebugMaterials/DebugMeshMaterial.uasset" 165
"../../../Engine/Content/EngineDebugMaterials/VertexColorViewMode_ColorOnly.uasset" 166
"../../../Engine/Content/EngineDebugMaterials/M_SimpleTranslucent.uasset" 167
"../../../Engine/Content/EngineDebugMaterials/LevelColorationUnlitMaterial.uasset" 168
"../../../Engine/Content/EngineDebugMaterials/ShadedLevelColorationLitMaterial.uasset" 169
"../../../Engine/Content/EditorResources/S_Emitter.uasset" 170
"../../../Engine/Content/EditorResources/S_LevelSequence.uasset" 171
"../../../Engine/Content/EditorResources/S_Thruster.uasset" 172
"../../../Engine/Content/EditorResources/S_WindDirectional.uasset" 173
"../../../Engine/Content/EditorResources/S_KBSJoint.uasset" 174
"../../../Engine/Content/EditorResources/S_ReflActorIcon.uasset" 175
"../../../Engine/Content/EditorResources/Bad.uasset" 176
"../../../Engine/Content/EditorResources/S_DecalActorIcon.uasset" 177
"../../../Engine/Content/EditorResources/SmallFont.uasset" 178
"../../../Engine/Content/EditorResources/S_Player.uasset" 179
"../../../Engine/Content/EditorResources/S_KPrismatic.uasset" 180
"../../../Engine/Content/EditorResources/S_Note.uasset" 181
"../../../Engine/Content/EditorResources/S_VectorFieldVol.uasset" 182
"../../../Engine/Content/EditorResources/S_NavP.uasset" 183
"../../../Engine/Content/EditorResources/S_KHinge.uasset" 184
"../../../Engine/Content/EditorResources/S_ExpoHeightFog.uasset" 185
"../../../Engine/Content/EditorResources/S_FTest.uasset" 186
"../../../Engine/Content/EditorResources/S_PortalActorIcon2.uasset" 187
"../../../Engine/Content/EditorResources/SceneManager.uasset" 188
"../../../Engine/Content/EditorResources/S_TextRenderActorIcon.uasset" 189
"../../../Engine/Content/EditorResources/S_RadForce.uasset" 190
"../../../Engine/Content/EditorResources/S_Terrain.uasset" 191
"../../../Engine/Content/EditorResources/S_Trigger.uasset" 192
"../../../Engine/Content/EditorResources/S_Actor.uasset" 193
"../../../Engine/Content/EditorResources/EmptyActor.uasset" 194
"../../../Engine/Content/EditorResources/BSPVertex.uasset" 195
"../../../Engine/Content/EditorResources/MatInstActSprite.uasset" 196
"../../../Engine/Content/EditorResources/SequenceRecorder/Countdown.uasset" 197
"../../../Engine/Content/EditorResources/SequenceRecorder/RecordingIndicator.uasset" 198
"../../../Engine/Content/EditorResources/AI/S_NavLink.uasset" 199
"../../../Engine/Content/EditorResources/Spline/T_Loft_Spline.uasset" 200
"../../../Engine/Content/EditorResources/LightIcons/S_LightError.uasset" 201
"../../../Engine/Content/EditorResources/LightIcons/S_LightSpot.uasset" 202
"../../../Engine/Content/EditorResources/LightIcons/S_LightSpotMove.uasset" 203
"../../../Engine/Content/EditorResources/LightIcons/SkyLight.uasset" 204
"../../../Engine/Content/EditorResources/LightIcons/S_LightPoint.uasset" 205
"../../../Engine/Content/EditorResources/LightIcons/S_LightPointMove.uasset" 206
"../../../Engine/Content/EditorResources/LightIcons/S_LightDirectional.uasset" 207
"../../../Engine/Content/EditorResources/LightIcons/S_LightDirectionalMove.uasset" 208
"../../../Engine/Content/EngineMaterials/DefaultMaterial.uasset" 209
"../../../Engine/Content/BasicShapes/Cone.uasset" 210
"../../../Engine/Content/BasicShapes/Plane.uasset" 211
"../../../Engine/Content/BasicShapes/Sphere.uasset" 212
"../../../Engine/Content/Functions/Engine_MaterialFunctions01/Texturing/ScaleUVsByCenter.uasset" 213
"../../../Engine/Content/Functions/Engine_MaterialFunctions02/ScreenResolution.uasset" 214
"../../../Engine/Content/Functions/Engine_MaterialFunctions02/Texturing/ScreenAlignedUVs.uasset" 215
"../../../Engine/Content/Functions/Engine_MaterialFunctions02/Utility/MakeFloat2.uasset" 216
"../../../Engine/Content/Functions/Engine_MaterialFunctions02/Utility/MakeFloat3.uasset" 217
"../../../Engine/Content/EngineMaterials/MiniFont.uasset" 218
"../../../Engine/Content/BufferVisualization/CustomStencil.uasset" 219
"../../../Engine/Content/BufferVisualization/LightingModel.uasset" 220
"../../../Engine/Content/BufferVisualization/SubsurfaceColor.uasset" 221
"../../../Engine/Content/BufferVisualization/WorldNormal.uasset" 222
"../../../Engine/Content/Functions/Engine_MaterialFunctions02/Utility/VectorLength.uasset" 223
"../../../Engine/Content/BufferVisualization/SceneDepthWorldUnits.uasset" 224
"../../../Engine/Content/BufferVisualization/Opacity.uasset" 225
"../../../Engine/Content/BufferVisualization/SeparateTranslucencyRGB.uasset" 226
"../../../Engine/Content/BufferVisualization/BaseColor.uasset" 227
"../../../Engine/Content/BufferVisualization/Metallic.uasset" 228
"../../../Engine/Content/BufferVisualization/MaterialAO.uasset" 229
"../../../Engine/Content/BufferVisualization/SeparateTranslucencyA.uasset" 230
"../../../Engine/Content/BufferVisualization/SceneDepth.uasset" 231
"../../../Engine/Content/BufferVisualization/Specular.uasset" 232
"../../../Engine/Content/BufferVisualization/PostTonemapHDRColor.uasset" 233
"../../../Engine/Content/BufferVisualization/SceneColor.uasset" 234
"../../../Engine/Content/BufferVisualization/PreTonemapHDRColor.uasset" 235
"../../../Engine/Content/BufferVisualization/FinalImage.uasset" 236
"../../../Engine/Content/EngineMaterials/DefaultPhysicalMaterial.uasset" 237
"../../../Engine/Content/BufferVisualization/AmbientOcclusion.uasset" 238
"../../../Engine/Content/BufferVisualization/CustomDepth.uasset" 239
"../../../Engine/Content/BufferVisualization/Roughness.uasset" 240
"../../../Engine/Content/BufferVisualization/CustomDepthWorldUnits.uasset" 241
"../../../Engine/Content/Functions/Engine_MaterialFunctions01/Shading/PowerToRoughness.uasset" 242
"../../../Engine/Content/EditorMaterials/Tick.uasset" 243
"../../../Engine/Content/EditorMaterials/Tick_Mat.uasset" 244
"../../../Engine/Content/EditorMaterials/AntialiasedGridFloor.uasset" 245
"../../../Engine/Content/EditorResources/TilePatine_D.uasset" 246
"../../../Engine/Content/EditorResources/TilePatine_N.uasset" 247
"../../../Engine/Content/EngineMaterials/Grid.uasset" 248
"../../../Engine/Content/EditorMaterials/PersonaFloorMat.uasset" 249
"../../../Engine/Content/EditorMaterials/WidgetMaterial_X.uasset" 250
"../../../Engine/Content/EditorMaterials/WidgetMaterial_Z.uasset" 251
"../../../Engine/Content/EditorMaterials/PreviewShadowIndicator.uasset" 252
"../../../Engine/Content/EditorMaterials/PreviewShadowIndicatorMaterial.uasset" 253
"../../../Engine/Content/EditorMaterials/GizmoMaterial.uasset" 254
"../../../Engine/Content/EditorMaterials/WidgetMaterial.uasset" 255
"../../../Engine/Content/EditorMaterials/PhAT_NoCollisionMaterial.uasset" 256
"../../../Engine/Content/EditorMaterials/PhAT_BoneSelectedMaterial.uasset" 257
"../../../Engine/Content/EditorMaterials/Cross.uasset" 258
"../../../Engine/Content/EditorMaterials/Cross_Mat.uasset" 259
"../../../Engine/Content/Functions/Engine_MaterialFunctions02/Utility/Sign.uasset" 260
"../../../Engine/Content/Functions/Engine_MaterialFunctions02/Utility/Round.uasset" 261
"../../../Engine/Content/Functions/Engine_MaterialFunctions02/ExampleContent/Textures/flipbook.uasset" 262
"../../../Engine/Content/Functions/Engine_MaterialFunctions02/Texturing/FlipBook.uasset" 263
"../../../Engine/Content/EditorResources/T_EditorHelp.uasset" 264
"../../../Engine/Content/EditorMaterials/HelpActorMaterial.uasset" 265
"../../../Engine/Content/EditorMaterials/WidgetMaterial_Y.uasset" 266
"../../../Engine/Content/EditorMaterials/TargetIcon.uasset" 267
"../../../Engine/Content/EditorMaterials/WidgetVertexColorMaterial.uasset" 268
"../../../Engine/Content/EditorMaterials/WidgetMaterial_Current.uasset" 269
"../../../Engine/Content/EditorMaterials/CompositeARGBLayer.uasset" 270
"../../../Engine/Content/EditorMaterials/TilingAALineIntegral.uasset" 271
"../../../Engine/Content/EditorMaterials/TilingAALineBoxFiltered.uasset" 272
"../../../Engine/Content/Functions/Engine_MaterialFunctions03/Procedurals/ComputeFilterWidth.uasset" 273
"../../../Engine/Content/EditorMaterials/TilingAADots.uasset" 274
"../../../Engine/Content/EditorMaterials/Cascade/CASC_Cross.uasset" 275
"../../../Engine/Content/EditorMaterials/Cascade/CASC_None.uasset" 276
"../../../Engine/Content/Functions/Engine_MaterialFunctions03/Blends/Blend_Screen.uasset" 277
"../../../Engine/Content/EditorMaterials/TilingAAGrid.uasset" 278
"../../../Engine/Content/EditorMaterials/LevelGridMaterial.uasset" 279
"../../../Engine/Content/EditorMaterials/MAT_Groups_Toggle.uasset" 280
"../../../Engine/Content/EditorMaterials/PhAT_ElemSelectedMaterial.uasset" 281
"../../../Engine/Content/EditorMaterials/WidgetGridVertexColorMaterial.uasset" 282
"../../../Engine/Content/EditorMaterials/WidgetGridVertexColorMaterial_Ma.uasset" 283
"../../../Engine/Content/EditorMaterials/PhAT_UnselectedMaterial.uasset" 284
"../../../Engine/Content/EditorMaterials/MAT_Groups_Visibility.uasset" 285
"../../../Engine/Content/EditorMaterials/MakeCompositeARGBLayer.uasset" 286
"../../../Engine/Content/EditorResources/LevelGrid1DStripes.uasset" 287
"../../../Engine/Content/EditorMaterials/TextureGridCascaded1D.uasset" 288
"../../../Engine/Content/EditorMaterials/TextureGridCascaded2D.uasset" 289
"../../../Engine/Content/EditorMaterials/LevelGridMaterial2.uasset" 290
"../../../Engine/Content/EditorMaterials/ParticleSystems/PSysThumbnail_NoImage.uasset" 291
"../../../Engine/Content/EditorMaterials/ParticleSystems/PSysThumbnail_OOD.uasset" 292
"../../../Engine/Content/EditorMaterials/MatineeGroups/MAT_Groups_Vector.uasset" 293
"../../../Engine/Content/EditorMaterials/MatineeGroups/MAT_ColorTrack.uasset" 294
"../../../Engine/Content/EditorMaterials/MatineeGroups/MAT_Groups_AudioMaster.uasset" 295
"../../../Engine/Content/EditorMaterials/MatineeGroups/MAT_Groups_Sound.uasset" 296
"../../../Engine/Content/EditorMaterials/MatineeGroups/MAT_Groups_Float.uasset" 297
"../../../Engine/Content/EditorMaterials/MatineeGroups/MAT_Groups_Director.uasset" 298
"../../../Engine/Content/EditorMaterials/MatineeGroups/MAT_Groups_Move.uasset" 299
"../../../Engine/Content/EditorMaterials/MatineeGroups/MAT_Groups_Event.uasset" 300
"../../../Engine/Content/EditorMaterials/MatineeGroups/MAT_Groups_Fade.uasset" 301
"../../../Engine/Content/EditorMaterials/MatineeGroups/MAT_Groups_Anim.uasset" 302
"../../../Engine/Content/EditorMaterials/MatineeGroups/MAT_Groups_Slomo.uasset" 303
"../../../Engine/Content/EditorMaterials/Thumbnails/FloorPlaneMaterial.uasset" 304
"../../../Engine/Content/EngineSounds/Master.uasset" 305
"../../../Engine/Content/EngineMeshes/Cube.uasset" 306
"../../../Engine/Content/EngineMeshes/Cylinder.uasset" 307
"../../../Engine/Content/EngineMeshes/Sphere.uasset" 308
"../../../Engine/Content/VREditor/UI/KeyDiskMaterial.uasset" 309
"../../../Engine/Content/VREditor/UI/DiscMaterial.uasset" 310
"../../../Engine/Content/VREditor/UI/SM_Radial_Disk.uasset" 311
"../../../Engine/Content/VREditor/FloatingText/LineMaterial.uasset" 312
"../../../Engine/Content/VREditor/FloatingText/JointSphere.uasset" 313
"../../../Engine/Content/VREditor/FloatingText/LineSegmentCylinder.uasset" 314
"../../../Engine/Content/Functions/Engine_MaterialFunctions02/Utility/BreakOutFloat3Components.uasset" 315
"../../../Engine/Content/Functions/Engine_MaterialFunctions02/Math/Transform3x3Matrix.uasset" 316
"../../../Engine/Content/Functions/Engine_MaterialFunctions02/SplitComponents.uasset" 317
"../../../Engine/Content/VREditor/SnapGrid/SnapGridMaterial.uasset" 318
"../../../Engine/Content/VREditor/SnapGrid/SnapGridPlaneMesh.uasset" 319
"../../../Engine/Content/VREditor/LaserPointer/VR_LaserPower_01.uasset" 320
"../../../Engine/Content/VREditor/TransformGizmo/TransformGizmoMaterial.uasset" 321
"../../../Engine/Content/VREditor/TransformGizmo/TranslucentTransformGizmoMaterial.uasset" 322
"../../../Engine/Content/VREditor/TransformGizmo/PlaneTranslationHandle.uasset" 323
"../../../Engine/Content/VREditor/TransformGizmo/TranslateArrowHandle.uasset" 324
"../../../Engine/Content/VREditor/TransformGizmo/Main.uasset" 325
"../../../Engine/Content/VREditor/TransformGizmo/Xray.uasset" 326
"../../../Engine/Content/VREditor/TransformGizmo/SM_Sequencer_Key.uasset" 327
"../../../Engine/Content/VREditor/TransformGizmo/TranslucentTransformGizmoMaterial_Inst.uasset" 328
"../../../Engine/Content/VREditor/TransformGizmo/TransformGizmoFreeRotation.uasset" 329
"../../../Engine/Content/VREditor/TransformGizmo/RotationHandleIndicator.uasset" 330
"../../../Engine/Content/VREditor/TransformGizmo/RotationHandleQuarter.uasset" 331
"../../../Engine/Content/VREditor/TransformGizmo/RotationHandleFull.uasset" 332
"../../../Engine/Content/VREditor/TransformGizmo/BoundingBoxCorner.uasset" 333
"../../../Engine/Content/VREditor/TransformGizmo/UniformScaleHandle.uasset" 334
"../../../Engine/Content/VREditor/TransformGizmo/SM_Dialog_Move.uasset" 335
"../../../Engine/Content/VREditor/TransformGizmo/SM_Dialog_Close.uasset" 336
"../../../Engine/Content/VREditor/TransformGizmo/TransformGizmoMaterial_Inst.uasset" 337
"../../../Engine/Content/VREditor/TransformGizmo/StartRotationHandleIndicator.uasset" 338
"../../../Engine/Content/VREditor/TransformGizmo/SM_Sequencer_Node.uasset" 339
"../../../Engine/Content/VREditor/TransformGizmo/BoundingBoxEdge.uasset" 340
"../../../Engine/Content/Functions/Engine_MaterialFunctions01/Density/ExponentialDensity.uasset" 341
"../../../Engine/Content/VREditor/WorldMovementGrid/GridPostProcess.uasset" 342
"../../../Engine/Content/Functions/Engine_MaterialFunctions01/Gradient/RadialGradient.uasset" 343
"../../../Engine/Content/VREditor/WorldMovementGrid/SimpleGrid.uasset" 344
"../../../Engine/Content/VREditor/WorldMovementGrid/GridMaterial.uasset" 345
"../../../Engine/Content/EditorLandscapeResources/FlattenHeightMat.uasset" 346
"../../../Engine/Content/VREditor/WorldMovementGrid/PlaneMesh.uasset" 347
"../../../Engine/Content/VREditor/Teleport/TeleportDirectionMaterial.uasset" 348
"../../../Engine/Content/VREditor/Teleport/TeleportDirectionMaterial_Inst.uasset" 349
"../../../Engine/Content/VREditor/Teleport/TeleportDirectionMesh.uasset" 350
"../../../Engine/Content/VREditor/Sounds/VR_teleport.uasset" 351
"../../../Engine/Content/VREditor/Sounds/UI/Teleport_Mode_Entered.uasset" 352
"../../../Engine/Content/VREditor/Sounds/UI/Dockable_Window_Open.uasset" 353
"../../../Engine/Content/VREditor/Sounds/UI/Drop_Item_From_ContentBrowser.uasset" 354
"../../../Engine/Content/VREditor/Sounds/UI/Scaling_Up.uasset" 355
"../../../Engine/Content/VREditor/Sounds/UI/Object_Snaps_To_Grid.uasset" 356
"../../../Engine/Content/VREditor/Sounds/UI/Radial_Menu_FadeOut.uasset" 357
"../../../Engine/Content/VREditor/Sounds/UI/Dockable_Window_Close.uasset" 358
"../../../Engine/Content/VREditor/Sounds/UI/Gizmo_Handle_Clicked.uasset" 359
"../../../Engine/Content/VREditor/Sounds/UI/Floating_UI_Open-001.uasset" 360
"../../../Engine/Content/VREditor/Sounds/UI/Click_on_Button_Cue.uasset" 361
"../../../Engine/Content/VREditor/Sounds/UI/Object_Snaps_To_Another_Actor.uasset" 362
"../../../Engine/Content/VREditor/Sounds/UI/Dockable_Window_Drop.uasset" 363
"../../../Engine/Content/VREditor/Sounds/UI/Selection_Changes.uasset" 364
"../../../Engine/Content/VREditor/Sounds/UI/Object_PickUp.uasset" 365
"../../../Engine/Content/VREditor/Sounds/UI/Dockable_Window_Pick_Up.uasset" 366
"../../../Engine/Content/VREditor/Sounds/UI/Scaling_Down.uasset" 367
"../../../Engine/Content/VREditor/LaserPointer/LaserPointerMaterial.uasset" 368
"../../../Engine/Content/VREditor/LaserPointer/LaserPointerMaterialInst.uasset" 369
"../../../Engine/Content/VREditor/LaserPointer/TranslucentLaserPointerMaterialInst.uasset" 370
"../../../Engine/Content/VREditor/LaserPointer/LaserPointerMesh_Start.uasset" 371
"../../../Engine/Content/VREditor/LaserPointer/LaserPointerMesh.uasset" 372
"../../../Engine/Content/VREditor/LaserPointer/CursorPointer.uasset" 373
"../../../Engine/Content/VREditor/LaserPointer/LaserPointerMesh_End.uasset" 374
"../../../Engine/Content/VREditor/LaserPointer/HoverMaterial.uasset" 375
"../../../Engine/Content/VREditor/LaserPointer/TranslucentHoverMaterial.uasset" 376
"../../../Engine/Content/VREditor/LaserPointer/HoverMesh.uasset" 377
"../../../Engine/Content/VREditor/Fonts/VRText_RobotoLarge.uasset" 378
"../../../Engine/Content/VREditor/Fonts/VRTextMaterial.uasset" 379
"../../../Engine/Content/VREditor/Fonts/TranslucentVRTextMaterial.uasset" 380
"../../../Engine/Content/VREditor/Devices/Generic/GenericHMDMaterial.uasset" 381
"../../../Engine/Content/VREditor/Devices/Generic/GenericHMD.uasset" 382
"../../../Engine/Content/MapTemplates/Sky/DaylightAmbientCubemap.uasset" 383
"../../../MixamoCharImport/Content/UI/MenuAssets/ButtonTemplate.uasset" 384
"../../../Engine/Content/Functions/Engine_MaterialFunctions02/Utility/MakeFloat4.uasset" 385
"../../../Engine/Plugins/Runtime/AppleARKit/Content/ARKitCameraMaterial.uasset" 386
"../../../Engine/Plugins/2D/Paper2D/Content/DefaultSpriteMaterial.uasset" 387
"../../../Engine/Plugins/2D/Paper2D/Content/OpaqueUnlitSpriteMaterial.uasset" 388
"../../../Engine/Plugins/2D/Paper2D/Content/PlaceholderTextures/DummySpriteTexture.uasset" 389
"../../../Engine/Plugins/2D/Paper2D/Content/DummySprite.uasset" 390
"../../../Engine/Plugins/2D/Paper2D/Content/DefaultPaperTerrainMaterial.uasset" 391
"../../../Engine/Plugins/2D/Paper2D/Content/MaskedUnlitSpriteMaterial.uasset" 392
"../../../Engine/Plugins/Media/MediaCompositing/Content/DefaultMediaPlaneMaterial.uasset" 393
"../../../MixamoCharImport/Content/Characters/Malcolm_Character/malcolm_Skeleton.uasset" 394
"../../../MixamoCharImport/Content/Characters/Malcolm_Character/Animations/falling_idle.uasset" 395
"../../../MixamoCharImport/Content/Characters/Malcolm_Character/Animations/Falling_To_Landing.uasset" 396
"../../../MixamoCharImport/Content/Characters/Malcolm_Character/Animations/Jumping.uasset" 397
"../../../MixamoCharImport/Content/Characters/Malcolm_Character/Animations/Crouched_Walking.uasset" 398
"../../../MixamoCharImport/Content/Characters/Malcolm_Character/Animations/Crouching_Idle.uasset" 399
"../../../MixamoCharImport/Content/Characters/Malcolm_Character/Animations/Crouching1D.uasset" 400
"../../../MixamoCharImport/Content/Characters/Malcolm_Character/Animations/idle__2_.uasset" 401
"../../../MixamoCharImport/Content/Characters/Malcolm_Character/Animations/Running.uasset" 402
"../../../MixamoCharImport/Content/Characters/Malcolm_Character/Animations/Walking.uasset" 403
"../../../MixamoCharImport/Content/Characters/Malcolm_Character/Animations/Idle_walk_run.uasset" 404
"../../../MixamoCharImport/Content/Characters/Malcolm_Character/Malcolm_AnimBP.uasset" 405
"../../../MixamoCharImport/Content/Interactables/EItemType.uasset" 406
"../../../MixamoCharImport/Content/Interactables/BP_BaseItem.uasset" 407
"../../../MixamoCharImport/Content/Interactables/FItemInfo.uasset" 408
"../../../MixamoCharImport/Content/Interactables/BPI_Interact.uasset" 409
"../../../MixamoCharImport/Content/Interactables/BP_BaseInteractable.uasset" 410
"../../../MixamoCharImport/Content/Interactables/FInteractableVariables.uasset" 411
"../../../MixamoCharImport/Content/Characters/Malcolm_Character/Malcom_Body_Diffuse.uasset" 412
"../../../MixamoCharImport/Content/Characters/Malcolm_Character/Malcom_Body_Gloss.uasset" 413
"../../../MixamoCharImport/Content/Characters/Malcolm_Character/Malcom_Body_Normal.uasset" 414
"../../../MixamoCharImport/Content/Characters/Malcolm_Character/Malcom_Body_Opacity.uasset" 415
"../../../MixamoCharImport/Content/Characters/Malcolm_Character/Malcom_Body_Specular.uasset" 416
"../../../MixamoCharImport/Content/Characters/Malcolm_Character/Bodymat.uasset" 417
"../../../MixamoCharImport/Content/Characters/Malcolm_Character/Bodymat_ncl1_1.uasset" 418
"../../../MixamoCharImport/Content/Characters/Malcolm_Character/Malcom_Bottom_Diffuse.uasset" 419
"../../../MixamoCharImport/Content/Characters/Malcolm_Character/Malcom_Bottom_Gloss.uasset" 420
"../../../MixamoCharImport/Content/Characters/Malcolm_Character/Malcom_Bottom_Normal.uasset" 421
"../../../MixamoCharImport/Content/Characters/Malcolm_Character/Malcom_Bottom_Opacity.uasset" 422
"../../../MixamoCharImport/Content/Characters/Malcolm_Character/Malcom_Bottom_Specular.uasset" 423
"../../../MixamoCharImport/Content/Characters/Malcolm_Character/Bottommat.uasset" 424
"../../../MixamoCharImport/Content/Characters/Malcolm_Character/Malcom_Hair_Diffuse.uasset" 425
"../../../MixamoCharImport/Content/Characters/Malcolm_Character/Malcom_Hair_Gloss.uasset" 426
"../../../MixamoCharImport/Content/Characters/Malcolm_Character/Malcom_Hair_Normal.uasset" 427
"../../../MixamoCharImport/Content/Characters/Malcolm_Character/Malcom_Hair_Opacity.uasset" 428
"../../../MixamoCharImport/Content/Characters/Malcolm_Character/Malcom_Hair_Specular.uasset" 429
"../../../MixamoCharImport/Content/Characters/Malcolm_Character/Hairmat.uasset" 430
"../../../MixamoCharImport/Content/Characters/Malcolm_Character/Malcom_Hat_Diffuse.uasset" 431
"../../../MixamoCharImport/Content/Characters/Malcolm_Character/Malcom_Hat_Gloss.uasset" 432
"../../../MixamoCharImport/Content/Characters/Malcolm_Character/Malcom_Hat_Normal.uasset" 433
"../../../MixamoCharImport/Content/Characters/Malcolm_Character/Malcom_Hat_Opacity.uasset" 434
"../../../MixamoCharImport/Content/Characters/Malcolm_Character/Malcom_Hat_Specular.uasset" 435
"../../../MixamoCharImport/Content/Characters/Malcolm_Character/Hatmat.uasset" 436
"../../../MixamoCharImport/Content/Characters/Malcolm_Character/Malcom_Shoes_Diffuse.uasset" 437
"../../../MixamoCharImport/Content/Characters/Malcolm_Character/Malcom_Shoes_Gloss.uasset" 438
"../../../MixamoCharImport/Content/Characters/Malcolm_Character/Malcom_Shoes_Normal.uasset" 439
"../../../MixamoCharImport/Content/Characters/Malcolm_Character/Malcom_Shoes_Opacity.uasset" 440
"../../../MixamoCharImport/Content/Characters/Malcolm_Character/Malcom_Shoes_Specular.uasset" 441
"../../../MixamoCharImport/Content/Characters/Malcolm_Character/Shoesmat.uasset" 442
"../../../MixamoCharImport/Content/Characters/Malcolm_Character/Malcom_Top_Diffuse.uasset" 443
"../../../MixamoCharImport/Content/Characters/Malcolm_Character/Malcom_Top_Gloss.uasset" 444
"../../../MixamoCharImport/Content/Characters/Malcolm_Character/Malcom_Top_Normal.uasset" 445
"../../../MixamoCharImport/Content/Characters/Malcolm_Character/Malcom_Top_Opacity.uasset" 446
"../../../MixamoCharImport/Content/Characters/Malcolm_Character/Malcom_Top_Specular.uasset" 447
"../../../MixamoCharImport/Content/Characters/Malcolm_Character/Topmat.uasset" 448
"../../../MixamoCharImport/Content/Characters/Malcolm_Character/malcolm_PhysicsAsset.uasset" 449
"../../../MixamoCharImport/Content/Characters/Malcolm_Character/malcolm.uasset" 450
"../../../MixamoCharImport/Content/UI/MenuAssets/101__Zebra_Print.uasset" 451
"../../../MixamoCharImport/Content/UI/MenuAssets/101__Zebra_Print_Font.uasset" 452
"../../../MixamoCharImport/Content/UI/MenuAssets/EmptyButton.uasset" 453
"../../../MixamoCharImport/Content/UI/PauseMenuWidget.uasset" 454
"../../../MixamoCharImport/Content/UI/UI_InventoryItem.uasset" 455
"../../../MixamoCharImport/Content/UI/UI_Inventory.uasset" 456
"../../../MixamoCharImport/Content/Characters/Player/CH_MyCharacter.uasset" 457
"../../../MixamoCharImport/Content/StarterContent/Materials/M_Glass.uasset" 458
"../../../MixamoCharImport/Content/StarterContent/Textures/T_Door_M.uasset" 459
"../../../MixamoCharImport/Content/StarterContent/Textures/T_Door_N.uasset" 460
"../../../MixamoCharImport/Content/StarterContent/Props/Materials/M_Door.uasset" 461
"../../../MixamoCharImport/Content/StarterContent/Props/SM_Door.uasset" 462
"../../../MixamoCharImport/Content/Interactables/Doors/BP_RotatingDoor.uasset" 463
"../../../MixamoCharImport/Content/ThirdPersonBP/Blueprints/Patrol_Mode.uasset" 464
"../../../MixamoCharImport/Content/ThirdPersonBP/Blueprints/Test.uasset" 465
"../../../Engine/Content/EngineSky/C_Sky_Cloud_Color.uasset" 466
"../../../Engine/Content/EngineSky/C_Sky_Horizon_Color.uasset" 467
"../../../Engine/Content/EngineSky/C_Sky_Zenith_Color.uasset" 468
"../../../Engine/Content/EngineSky/T_Sky_Blue.uasset" 469
"../../../Engine/Content/EngineSky/T_Sky_Clouds_M.uasset" 470
"../../../Engine/Content/EngineSky/T_Sky_Stars.uasset" 471
"../../../Engine/Content/EngineSky/M_Sky_Panning_Clouds2.uasset" 472
"../../../Engine/Content/EngineSky/SM_SkySphere.uasset" 473
"../../../Engine/Content/EngineSky/BP_Sky_Sphere.uasset" 474
"../../../MixamoCharImport/Content/Interactables/Keys/BP_BaseKey.uasset" 475
"../../../MixamoCharImport/Content/Images/Golden_key_icon_svg.uasset" 476
"../../../MixamoCharImport/Content/Models/Keys2/03_-_Default.uasset" 477
"../../../MixamoCharImport/Content/Models/Keys2/singlkey.uasset" 478
"../../../MixamoCharImport/Content/Interactables/Keys/BP_Key1.uasset" 479
"../../../MixamoCharImport/Content/ThirdPersonBP/Blueprints/ThirdPersonGameMode.uasset" 480
"../../../MixamoCharImport/Content/SoulCity/Maps/LV_Soul_Landscape_00_sharedassets/Dirt_LayerInfoNew.uasset" 481
"../../../MixamoCharImport/Content/ThirdPersonCPP/Maps/ThirdPersonExampleMap_sharedassets/Grass_LayerInfo.uasset" 482
"../../../MixamoCharImport/Content/ThirdPersonCPP/Maps/ThirdPersonExampleMap_sharedassets/Rock_LayerInfo.uasset" 483
"../../../MixamoCharImport/Content/ThirdPersonCPP/Maps/ThirdPersonExampleMap_BuiltData.uasset" 484
"../../../Engine/Content/BasicShapes/BasicShapeMaterial.uasset" 485
"../../../MixamoCharImport/Content/SoulCity/Environment/Textures/Rock/T_Cave_Dirt_D.uasset" 486
"../../../MixamoCharImport/Content/SoulCity/Landscape/Texture/T_GroundGrass_D.uasset" 487
"../../../MixamoCharImport/Content/StarterContent/Textures/T_Ground_Grass_N.uasset" 488
"../../../MixamoCharImport/Content/StarterContent/Textures/T_Ground_Gravel_N.uasset" 489
"../../../MixamoCharImport/Content/StarterContent/Textures/T_Rock_Slate_D.uasset" 490
"../../../MixamoCharImport/Content/StarterContent/Textures/T_Rock_Slate_N.uasset" 491
"../../../MixamoCharImport/Content/MyStuff/TerrainMat.uasset" 492
"../../../Engine/Content/BasicShapes/Cube.uasset" 493
"../../../Engine/Content/BasicShapes/Cylinder.uasset" 494
"../../../Engine/Content/Functions/Engine_MaterialFunctions01/WorldPositionOffset/SimpleGrassWind.uasset" 495
"../../../Engine/Content/Functions/Engine_MaterialFunctions02/ObjectLocalToWorldData.uasset" 496
"../../../Engine/Content/Functions/Engine_MaterialFunctions02/WorldPositionOffset/ObjectScale.uasset" 497
"../../../Engine/Content/Functions/Engine_MaterialFunctions02/PivotPainter/PivotPainter_PerObjectData.uasset" 498
"../../../Engine/Content/Functions/Engine_MaterialFunctions02/WorldPositionOffset/Wind.uasset" 499
"../../../Engine/Content/Functions/Engine_MaterialFunctions02/PivotPainter/PivotPainter_PerObjectFoliageData.uasset" 500
"../../../MixamoCharImport/Content/KiteDemo/Material/WorldCoords-XY.uasset" 501
"../../../MixamoCharImport/Content/KiteDemo/Environments/Foliage/Ferns/T_Fern_01_D.uasset" 502
"../../../MixamoCharImport/Content/KiteDemo/Environments/Foliage/Ferns/T_Fern_01_N.uasset" 503
"../../../MixamoCharImport/Content/KiteDemo/Environments/Foliage/Ferns/T_Ice_Noise_N.uasset" 504
"../../../MixamoCharImport/Content/KiteDemo/Environments/Foliage/Ferns/T_TilingNoise06_N.uasset" 505
"../../../MixamoCharImport/Content/KiteDemo/Environments/Textures/T_Water_N.uasset" 506
"../../../MixamoCharImport/Content/KiteDemo/Environments/Textures/T_Water_Screen_Noise_Soft2.uasset" 507
"../../../MixamoCharImport/Content/KiteDemo/Environments/Foliage/Ferns/M_Fern_01.uasset" 508
"../../../MixamoCharImport/Content/KiteDemo/Environments/Foliage/Ferns/SM_Fern_03.uasset" 509
"../../../Engine/Content/Functions/Engine_MaterialFunctions02/Math/CreateThirdOrthogonalVector.uasset" 510
"../../../MixamoCharImport/Content/KiteDemo/Environments/Foliage/Grass/FieldGrass/T_FieldGrass_01_D.uasset" 511
"../../../MixamoCharImport/Content/KiteDemo/Environments/Foliage/Grass/FieldGrass/T_FieldGrass_02_M.uasset" 512
"../../../MixamoCharImport/Content/KiteDemo/Environments/Foliage/Grass/FieldGrass/M_FieldGrass_01.uasset" 513
"../../../MixamoCharImport/Content/KiteDemo/Environments/Foliage/Grass/FieldGrass/M_FieldGrass_Inst_01.uasset" 514
"../../../MixamoCharImport/Content/KiteDemo/Environments/Foliage/Grass/FieldGrass/M_FieldGrass_Inst_01_LOD1.uasset" 515
"../../../MixamoCharImport/Content/KiteDemo/Environments/Foliage/Grass/FieldGrass/M_FieldGrass_Inst_01_LOD2.uasset" 516
"../../../MixamoCharImport/Content/KiteDemo/Environments/Foliage/Grass/FieldGrass/SM_FieldGrass_01.uasset" 517
"../../../MixamoCharImport/Content/KiteDemo/Environments/Foliage/Leaves/T_DeadLeavesAtlas_01_D.uasset" 518
"../../../MixamoCharImport/Content/KiteDemo/Environments/Foliage/Leaves/T_DeadLeavesAtlas_01_N.uasset" 519
"../../../MixamoCharImport/Content/KiteDemo/Environments/Foliage/Leaves/T_DeadLeavesAtlasTop_01_D.uasset" 520
"../../../MixamoCharImport/Content/KiteDemo/Environments/Foliage/Leaves/M_DeadLeaves.uasset" 521
"../../../MixamoCharImport/Content/KiteDemo/Environments/Foliage/Leaves/SM_DeadLeaves.uasset" 522
"../../../Engine/Content/Functions/Engine_MaterialFunctions01/SpeedTree/SpeedTreeColorVariation.uasset" 523
"../../../MixamoCharImport/Content/KiteDemo/Environments/Trees/ScotsPine_01/ScotsPine_01_Atlas_Billboards_Normal_Tex.uasset" 524
"../../../MixamoCharImport/Content/KiteDemo/Environments/Trees/ScotsPine_01/ScotsPine_01_Atlas_Billboards_Tex.uasset" 525
"../../../MixamoCharImport/Content/KiteDemo/Environments/Trees/ScotsPine_01/ScotsPine_01_Billboard_Mat.uasset" 526
"../../../MixamoCharImport/Content/KiteDemo/Environments/Trees/ScotsPine_01/T_ScotsPine_Bark_01_N_Tex.uasset" 527
"../../../MixamoCharImport/Content/KiteDemo/Environments/Trees/ScotsPine_01/T_ScotsPine_Bark_01_Tex.uasset" 528
"../../../MixamoCharImport/Content/KiteDemo/Environments/Trees/ScotsPine_01/T_ScotsPine_Bark_03_D_Tex.uasset" 529
"../../../MixamoCharImport/Content/KiteDemo/Environments/Trees/ScotsPine_01/ScotsPine_01_Branches_2_Mat.uasset" 530
"../../../MixamoCharImport/Content/KiteDemo/Environments/Trees/ScotsPine_01/T_ScotsPine_Bark_03_N.uasset" 531
"../../../MixamoCharImport/Content/KiteDemo/Environments/Trees/ScotsPine_01/ScotsPine_01_Branches_Mat.uasset" 532
"../../../MixamoCharImport/Content/KiteDemo/Environments/Trees/ScotsPine_01/ScotsPine_01_Fronds_Mat.uasset" 533
"../../../MixamoCharImport/Content/KiteDemo/Environments/Trees/ScotsPine_01/ScotsPine_01_Atlas_Normal_Tex.uasset" 534
"../../../MixamoCharImport/Content/KiteDemo/Environments/Trees/ScotsPine_01/ScotsPine_01_Atlas_Specular_Tex.uasset" 535
"../../../MixamoCharImport/Content/KiteDemo/Environments/Trees/ScotsPine_01/ScotsPine_01_Atlas_Tex.uasset" 536
"../../../MixamoCharImport/Content/KiteDemo/Environments/Trees/ScotsPine_01/ScotsPine_01_Leaves_Mat.uasset" 537
"../../../MixamoCharImport/Content/KiteDemo/Environments/Trees/ScotsPine_01/ScotsPine_01.uasset" 538
"../../../MixamoCharImport/Content/KiteDemo/Environments/Trees/ScotsPineTall_01/ScotsPineTall_01_Atlas_Billboards_Normal_Tex.uasset" 539
"../../../MixamoCharImport/Content/KiteDemo/Environments/Trees/ScotsPineTall_01/ScotsPineTall_01_Atlas_Billboards_Tex.uasset" 540
"../../../MixamoCharImport/Content/KiteDemo/Environments/Trees/ScotsPineTall_01/ScotsPineTall_01_Billboard_Mat.uasset" 541
"../../../MixamoCharImport/Content/KiteDemo/Environments/Trees/ScotsPineTall_01/ScotsPineTall_01.uasset" 542
"../../../Engine/Content/Functions/Engine_MaterialFunctions02/Utility/BlendAngleCorrectedNormals.uasset" 543
"../../../Engine/Content/Functions/MaterialLayerFunctions/MatLayerBlend_BakedNormal.uasset" 544
"../../../Engine/Content/Functions/MaterialLayerFunctions/MatLayerBlend_ModulateRoughness.uasset" 545
"../../../Engine/Content/Functions/MaterialLayerFunctions/MatLayerBlend_Standard.uasset" 546
"../../../MixamoCharImport/Content/SoulCity/Environment/Materials/Functions/MF_Switch.uasset" 547
"../../../MixamoCharImport/Content/SoulCity/Environment/Textures/Building_Slum/T_Patina_Metal_D.uasset" 548
"../../../MixamoCharImport/Content/SoulCity/Environment/Textures/Building_Slum/T_Slums_TilingMetal_n.uasset" 549
"../../../MixamoCharImport/Content/SoulCity/Environment/Materials/MaterialLayers/MF_Slums_Metal.uasset" 550
"../../../MixamoCharImport/Content/SoulCity/Environment/Textures/Building_Slum/T_Slums_Metal_Scratches_02_D.uasset" 551
"../../../MixamoCharImport/Content/SoulCity/Environment/Textures/Building_Slum/T_Slums_Metal_Scratches_02_N.uasset" 552
"../../../MixamoCharImport/Content/SoulCity/Environment/Textures/Building_Slum/T_Slums_TilingMetal_D.uasset" 553
"../../../MixamoCharImport/Content/SoulCity/Environment/Materials/MaterialLayers/MF_Slums_Paint.uasset" 554
"../../../MixamoCharImport/Content/SoulCity/Environment/Textures/Building_Slum/T_Slums_Metal_Rust_03_D.uasset" 555
"../../../MixamoCharImport/Content/SoulCity/Environment/Textures/Building_Slum/T_Slums_Metal_Rust_03_N.uasset" 556
"../../../MixamoCharImport/Content/SoulCity/Environment/Materials/MaterialLayers/MF_Slums_Rusted.uasset" 557
"../../../MixamoCharImport/Content/SoulCity/Environment/Textures/Building_Slum/T_Slums_MetalTexture_M.uasset" 558
"../../../MixamoCharImport/Content/SoulCity/Environment/Textures/Building_Slum/T_Slums_MetalTexture_N.uasset" 559
"../../../MixamoCharImport/Content/SoulCity/Environment/Materials/Building/M_Slums_Metalwork_MASKED.uasset" 560
"../../../MixamoCharImport/Content/SoulCity/Environment/Materials/Building/MI_Slums_Metalwork_Masked.uasset" 561
"../../../MixamoCharImport/Content/MyStuff/HalfWall.uasset" 562
"../../../MixamoCharImport/Content/MyStuff/Wall.uasset" 563
"../../../MixamoCharImport/Content/SoulCave/Environment/Textures/Foliage/T_Foliage_Leaves_D.uasset" 564
"../../../MixamoCharImport/Content/SoulCave/Environment/Textures/Foliage/T_Foliage_Leaves_N.uasset" 565
"../../../MixamoCharImport/Content/SoulCave/Environment/Materials/Nature/M_Soul_Tree02.uasset" 566
"../../../MixamoCharImport/Content/SoulCave/Environment/Meshes/Nature/SM_S_BuildingSetA_Tree_02_OP02_S_BuildingSetA_Tree_02_OP02.uasset" 567
"../../../MixamoCharImport/Content/SoulCity/Environment/Meshes/Building_Slum/SM_Slums_Grating_01a.uasset" 568
"../../../MixamoCharImport/Content/SoulCity/Environment/PhysicalMaterials/WoodLadder.uasset" 569
"../../../MixamoCharImport/Content/SoulCity/Environment/Textures/Building_Slum/T_Slums_Wood_D.uasset" 570
"../../../MixamoCharImport/Content/SoulCity/Environment/Textures/Building_Slum/T_Slums_Wood_N.uasset" 571
"../../../MixamoCharImport/Content/SoulCity/Environment/Materials/Building/M_Slums_Wood.uasset" 572
"../../../Engine/Content/Functions/Engine_MaterialFunctions01/Gradient/LinearGradient.uasset" 573
"../../../Engine/Content/Functions/Engine_MaterialFunctions01/ImageAdjustment/CheapContrast.uasset" 574
"../../../Engine/Content/Functions/Engine_MaterialFunctions01/Texturing/FlattenNormal.uasset" 575
"../../../Engine/Content/Functions/Engine_MaterialFunctions02/ExampleContent/Textures/SphereRenderNormalsMap.uasset" 576
"../../../Engine/Content/Functions/Engine_MaterialFunctions02/WorldAlignedNormals_HighQuality.uasset" 577
"../../../Engine/Content/EngineMaterials/DefaultNormal_Uncompressed.uasset" 578
"../../../MixamoCharImport/Content/SoulCity/Environment/Materials/Functions/MF_WorldAlignedPanner.uasset" 579
"../../../Engine/Content/Functions/Engine_MaterialFunctions02/ExampleContent/Textures/water_d.uasset" 580
"../../../MixamoCharImport/Content/SoulCity/Environment/Textures/Water/T_RainPuddleMask.uasset" 581
"../../../MixamoCharImport/Content/SoulCity/Environment/Textures/Water/T_RainStreaming_N.uasset" 582
"../../../MixamoCharImport/Content/SoulCity/Environment/Textures/Water/T_Soul_Water01_N.uasset" 583
"../../../MixamoCharImport/Content/SoulCity/Environment/Materials/Functions/MF_WET_RunningWater.uasset" 584
"../../../MixamoCharImport/Content/SoulCity/Environment/Textures/Building_Slum/T_Slums_TilingNOise_M.uasset" 585
"../../../MixamoCharImport/Content/SoulCity/Environment/Textures/Building_Slum/T_Slums_TinRoof_D.uasset" 586
"../../../MixamoCharImport/Content/SoulCity/Environment/Textures/Building_Slum/T_Slums_TinRoof_N.uasset" 587
"../../../MixamoCharImport/Content/SoulCity/Environment/Materials/Building/M_Slums_Tin.uasset" 588
"../../../MixamoCharImport/Content/SoulCity/Environment/Materials/Building/MI_Slums_Tin.uasset" 589
"../../../MixamoCharImport/Content/SoulCity/Environment/Meshes/Building_Slum/SM_Slums_Roof_01a.uasset" 590
"../../../MixamoCharImport/Content/SoulCity/Environment/Meshes/Building_Slum/SM_Slums_Roof_01b_OP.uasset" 591
"../../../Engine/Content/Functions/Engine_MaterialFunctions02/SafeNormalize.uasset" 592
"../../../MixamoCharImport/Content/SoulCity/Environment/Textures/Water/T_Environment_Materials_Wet_TilingFlow02_N.uasset" 593
"../../../MixamoCharImport/Content/SoulCity/Environment/Materials/Functions/MF_GroundWetness.uasset" 594
"../../../MixamoCharImport/Content/SoulCity/Environment/Textures/Building_Slum/T_Slums_Wall_D.uasset" 595
"../../../MixamoCharImport/Content/SoulCity/Environment/Textures/Building_Slum/T_Slums_Wall_N.uasset" 596
"../../../MixamoCharImport/Content/SoulCity/Environment/Materials/MaterialLayers/MF_Slums_Concrete.uasset" 597
"../../../MixamoCharImport/Content/SoulCity/Environment/PhysicalMaterials/Stone.uasset" 598
"../../../MixamoCharImport/Content/SoulCity/Environment/Materials/Building/M_Slums_Concrete.uasset" 599
"../../../MixamoCharImport/Content/SoulCity/Environment/Materials/Building/MI_Slums_Concrete_Tiles.uasset" 600
"../../../MixamoCharImport/Content/SoulCity/Environment/Materials/Building/MI_Slums_Concrete.uasset" 601
"../../../MixamoCharImport/Content/SoulCity/Environment/Materials/Building/M_Slums_Metalwork.uasset" 602
"../../../MixamoCharImport/Content/SoulCity/Environment/Materials/Building/MI_Slums_Metalwork_Shiny.uasset" 603
"../../../MixamoCharImport/Content/SoulCity/Environment/Meshes/Building_Slum/SM_Slums_Wall_02_Capped.uasset" 604
"../../../MixamoCharImport/Content/SoulCity/Environment/Meshes/Building_Slum/SM_Slums_Wall_02h.uasset" 605
"../../../MixamoCharImport/Content/SoulCity/Environment/Textures/Foliage/T_Tree_Aspen_Bark_D.uasset" 606
"../../../MixamoCharImport/Content/SoulCity/Environment/Materials/Foliage/M_Aspen_Tree_Bark.uasset" 607
"../../../MixamoCharImport/Content/SoulCity/Environment/Textures/Foliage/T_Foliage_Leaves_D.uasset" 608
"../../../MixamoCharImport/Content/SoulCity/Environment/Materials/Foliage/M_Aspen_Tree_Unlit_Blowing.uasset" 609
"../../../MixamoCharImport/Content/SoulCity/Environment/Materials/Foliage/MI_Aspen_Tree_Lit_Blowing.uasset" 610
"../../../MixamoCharImport/Content/SoulCity/Environment/Meshes/Foliage/SM_Aspen_Tree_01.uasset" 611
"../../../MixamoCharImport/Content/SoulCity/Environment/Textures/Foliage/T_Cave_Grass_N.uasset" 612
"../../../MixamoCharImport/Content/SoulCity/Environment/Textures/Foliage/T_Cave_Grass_D.uasset" 613
"../../../MixamoCharImport/Content/SoulCity/Environment/Materials/Foliage/M_Cave_Grass.uasset" 614
"../../../MixamoCharImport/Content/SoulCity/Environment/Materials/Foliage/MI_Cave_Grass_Wave.uasset" 615
"../../../MixamoCharImport/Content/SoulCity/Environment/Meshes/Foliage/SM_Cave_Grass01.uasset" 616
"../../../MixamoCharImport/Content/SoulCity/Environment/Textures/Props/T_Cave_Wood_Beam_N.uasset" 617
"../../../MixamoCharImport/Content/SoulCity/Environment/Textures/Props/T_Cave_Wood_Beam_D.uasset" 618
"../../../MixamoCharImport/Content/SoulCity/Environment/Materials/Rocks/M_Cave_Wood_Beam.uasset" 619
"../../../MixamoCharImport/Content/SoulCity/Environment/Meshes/Rocks/SM_Cave_Wood_Beam.uasset" 620
"../../../MixamoCharImport/Content/StarterContent/Materials/M_Basic_Wall.uasset" 621
"../../../MixamoCharImport/Content/StarterContent/Architecture/Wall_Door_400x300.uasset" 622
"../../../MixamoCharImport/Content/StarterContent/Textures/T_Frame_M.uasset" 623
"../../../MixamoCharImport/Content/StarterContent/Textures/T_Frame_N.uasset" 624
"../../../MixamoCharImport/Content/StarterContent/Props/Materials/M_Frame.uasset" 625
"../../../MixamoCharImport/Content/StarterContent/Props/SM_DoorFrame.uasset" 626
"../../../MixamoCharImport/Content/ThirdPersonCPP/Maps/ThirdPersonExampleMap.umap" 627
"../../../MixamoCharImport/Content/UI/MenuAssets/1080normal.uasset" 628
"../../../MixamoCharImport/Content/UI/MenuAssets/640Normal.uasset" 629
"../../../MixamoCharImport/Content/UI/MenuAssets/720Normal.uasset" 630
"../../../MixamoCharImport/Content/UI/MenuAssets/MainMenuBG.uasset" 631
"../../../MixamoCharImport/Content/UI/MenuAssets/MainMenuNormal.uasset" 632
"../../../MixamoCharImport/Content/UI/MenuAssets/OptionsNormal.uasset" 633
"../../../MixamoCharImport/Content/UI/MenuAssets/QuitGameNormal.uasset" 634
"../../../MixamoCharImport/Content/UI/MenuAssets/StartGameNormal.uasset" 635
"../../../MixamoCharImport/Content/UI/MainMenuWidget.uasset" 636
"../../../MixamoCharImport/Content/UI/MainMenuHUD.uasset" 637
"../../../MixamoCharImport/Content/ThirdPersonBP/Blueprints/ThirdPersonMenuMode.uasset" 638
"../../../MixamoCharImport/Content/ThirdPersonCPP/Maps/MainMenuLevel.umap" 639
